2023-04-05 09:30:11 Hybrid Draft Log: Card Picker DEBUG: {"card": "5d59c8f2-f6af-40a6-8dfe-8cc45bf231ce", "pack": "642d77a5d1b1ea11d06bd552", "player": "2790"}
2023-04-18 09:17:18 Hybrid Draft Log: Card Picker DEBUG: {"card": "2443cb94-b27e-4a96-93cb-ac7880149bcc", "pack": "643e97b5d1b1ea41a44e4013", "player": "2790"}
2023-04-18 09:22:09 Hybrid Draft Log: Card Picker DEBUG: {"card": "b0a45d4d-d16a-43c6-843c-916d4629aae1", "pack": "643e98a3d1b1ea1bc0a45102", "player": "3503"}
2023-04-18 09:35:37 Hybrid Draft Log: Card Picker DEBUG: {"card": "f03a480f-de67-4611-9db7-c0c3d020f597", "pack": "643e9c6ed1b1ea2bc8f729d7", "player": "2979"}
2023-04-18 10:14:23 Hybrid Draft Log: Card Picker DEBUG: {"card": "b3b66ef5-9b93-4042-a618-c1ade83d0004", "pack": "643ea3ded1b1ea204cfe257b", "player": "3559"}
2023-04-18 10:16:06 Hybrid Draft Log: Card Picker DEBUG: {"card": "4ef82b33-82ba-4521-846b-e651764ef46d", "pack": "643e98a3d1b1ea1bc0a45102", "player": "3559"}
2023-04-18 10:22:57 Hybrid Draft Log: Card Picker DEBUG: {"card": "77fd9ccb-2cb0-4fe1-9eb0-ba929bb527be", "pack": "643ea6bfd1b1ea22601ed194", "player": "1816"}
2023-04-18 10:24:58 Hybrid Draft Log: Card Picker DEBUG: {"card": "675b29bf-0b64-410f-9a92-c88e5615c27f", "pack": "643ea3ded1b1ea204cfe257b", "player": "2790"}
2023-04-18 10:27:16 Hybrid Draft Log: Card Picker DEBUG: {"card": "dc1454ce-bb49-4b4f-bbca-d77387fa4966", "pack": "643e98a3d1b1ea1bc0a45102", "player": "2790"}
2023-04-18 10:41:30 Hybrid Draft Log: Card Picker DEBUG: {"card": "15625d6a-3844-4d23-ab35-ee3c3508db8d", "pack": "643e9c6ed1b1ea2bc8f729d7", "player": "1816"}
2023-04-18 11:14:56 Hybrid Draft Log: Card Picker DEBUG: {"card": "09fb5876-5b47-4a05-be57-7ad3890c8953", "pack": "643ea6bfd1b1ea22601ed194", "player": "3503"}
2023-04-18 11:46:44 Hybrid Draft Log: Card Picker DEBUG: {"card": "67a41675-47dd-40ca-a30c-0fd0faa32b76", "pack": "643e9c6ed1b1ea2bc8f729d7", "player": "3503"}
2023-04-18 12:10:01 Hybrid Draft Log: Card Picker DEBUG: {"card": "e83f9565-4c04-449d-b337-0eff3fd0c295", "pack": "643ec04dd1b1ea66e8c7af4f", "player": "2952"}
2023-04-18 12:11:41 Hybrid Draft Log: Card Picker DEBUG: {"card": "44178ece-af31-4a94-88bc-c9ce43bb4573", "pack": "643ec04dd1b1ea66e8c7af4f", "player": "2979"}
2023-04-18 12:20:44 Hybrid Draft Log: Card Picker DEBUG: {"card": "9184bc57-0a16-4abf-a13a-6a03a175c28a", "pack": "643ea6bfd1b1ea22601ed194", "player": "3559"}
2023-04-18 12:22:38 Hybrid Draft Log: Card Picker DEBUG: {"card": "65721bc1-87fa-45b9-8b45-ee77c1aab6ac", "pack": "643e9c6ed1b1ea2bc8f729d7", "player": "3559"}
2023-04-18 12:29:20 Hybrid Draft Log: Card Picker DEBUG: {"card": "7f65b178-51d6-4dcb-a1cc-4b4dcb2237cd", "pack": "643ea6bfd1b1ea22601ed194", "player": "2790"}
2023-04-18 12:30:33 Hybrid Draft Log: Card Picker DEBUG: {"card": "6fabc49f-b665-4c56-b06e-03220f7918bb", "pack": "643e9c6ed1b1ea2bc8f729d7", "player": "2790"}
2023-04-18 12:52:31 Hybrid Draft Log: Card Picker DEBUG: {"card": "0ee40c4b-2ca3-4cda-bc9e-451455c17adc", "pack": "643ec04dd1b1ea66e8c7af4f", "player": "1816"}
2023-04-18 13:08:18 Hybrid Draft Log: Card Picker DEBUG: {"card": "2777f8b5-2f8e-4cb8-9206-8a4978488657", "pack": "643ec04dd1b1ea66e8c7af4f", "player": "3503"}
2023-04-18 13:57:31 Hybrid Draft Log: Card Picker DEBUG: {"card": "66aefbfc-3f67-443d-8ec4-cc9beafb64ee", "pack": "643ec04dd1b1ea66e8c7af4f", "player": "3559"}
2023-04-18 14:25:10 Hybrid Draft Log: Card Picker DEBUG: {"card": "7a87c5d2-3ebc-442b-8618-963cfc63855f", "pack": "643ec04dd1b1ea66e8c7af4f", "player": "2790"}
2023-04-18 16:38:15 Hybrid Draft Log: Card Picker DEBUG: {"card": "4ef82b33-82ba-4521-846b-e651764ef46d", "pack": "643ef15cd1b1ea57984c8df5", "player": "2495"}
2023-04-18 16:40:21 Hybrid Draft Log: Card Picker DEBUG: {"card": "49ec5e00-22f4-486e-8e99-e950725f6fbc", "pack": "643e97b5d1b1ea41a44e4013", "player": "2495"}
2023-04-18 16:42:33 Hybrid Draft Log: Card Picker DEBUG: {"card": "2443cb94-b27e-4a96-93cb-ac7880149bcc", "pack": "643ea3ded1b1ea204cfe257b", "player": "2495"}
2023-04-18 16:45:06 Hybrid Draft Log: Card Picker DEBUG: {"card": "c2551b01-4d88-47f3-b54d-96ec03e093f8", "pack": "643e98a3d1b1ea1bc0a45102", "player": "2495"}
2023-04-18 16:46:20 Hybrid Draft Log: Card Picker DEBUG: {"card": "85930f68-6f53-4921-9556-2887ac3abfd2", "pack": "643ea6bfd1b1ea22601ed194", "player": "2495"}
2023-04-18 16:46:57 Hybrid Draft Log: Card Picker DEBUG: {"card": "977c15c9-2aad-4d1d-86a6-1f9d78ad7af6", "pack": "643ef15cd1b1ea57984c8df5", "player": "2952"}
2023-04-18 16:47:49 Hybrid Draft Log: Card Picker DEBUG: {"card": "896043a7-c7a2-4542-8739-7b4f09c6e1f1", "pack": "643e97b5d1b1ea41a44e4013", "player": "2952"}
2023-04-18 16:47:57 Hybrid Draft Log: Card Picker DEBUG: {"card": "a973e70f-9e3e-47a3-94b9-7bb8a198a438", "pack": "643e9c6ed1b1ea2bc8f729d7", "player": "2495"}
2023-04-18 16:48:49 Hybrid Draft Log: Card Picker DEBUG: {"card": "896043a7-c7a2-4542-8739-7b4f09c6e1f1", "pack": "643ea3ded1b1ea204cfe257b", "player": "2952"}
2023-04-18 16:49:35 Hybrid Draft Log: Card Picker DEBUG: {"card": "09fb5876-5b47-4a05-be57-7ad3890c8953", "pack": "643ef15cd1b1ea57984c8df5", "player": "2979"}
2023-04-18 16:50:03 Hybrid Draft Log: Card Picker DEBUG: {"card": "0007efdf-417d-48a7-b119-3a2fda3e1158", "pack": "643e98a3d1b1ea1bc0a45102", "player": "2952"}
2023-04-18 16:50:22 Hybrid Draft Log: Card Picker DEBUG: {"card": "e98db9ed-b43f-4bc1-b7a9-ce03a534d992", "pack": "643e97b5d1b1ea41a44e4013", "player": "2979"}
2023-04-18 16:50:39 Hybrid Draft Log: Card Picker DEBUG: {"card": "56a3108b-c33d-47c5-984b-01fa257fbd79", "pack": "643ea3ded1b1ea204cfe257b", "player": "2979"}
2023-04-18 16:50:49 Hybrid Draft Log: Card Picker DEBUG: {"card": "b0e02737-0193-46e4-a506-cec86a44dc99", "pack": "643ec04dd1b1ea66e8c7af4f", "player": "2495"}
2023-04-18 16:50:55 Hybrid Draft Log: Card Picker DEBUG: {"card": "9f17e624-219a-4e76-bfe0-f49c9ddd4a6d", "pack": "643e98a3d1b1ea1bc0a45102", "player": "2979"}
2023-04-18 16:51:36 Hybrid Draft Log: Card Picker DEBUG: {"card": "630ce82b-0d09-4a12-8cba-0b0ed8415128", "pack": "643ea6bfd1b1ea22601ed194", "player": "2952"}
2023-04-18 16:52:16 Hybrid Draft Log: Card Picker DEBUG: {"card": "e34684d6-2935-4776-9a86-b603ad8cf624", "pack": "643e9c6ed1b1ea2bc8f729d7", "player": "2952"}
2023-04-18 16:52:17 Hybrid Draft Log: Card Picker DEBUG: {"card": "3c7ca435-aa84-4d35-80db-d1c74b878b12", "pack": "643ef15cd1b1ea57984c8df5", "player": "1816"}
2023-04-18 16:52:24 Hybrid Draft Log: Card Picker DEBUG: {"card": "e1888c61-dc2d-4a33-9ba4-439d97f490be", "pack": "643ec04dd1b1ea66e8c7af4f", "player": "2952"}
2023-04-18 16:52:27 Hybrid Draft Log: Card Picker DEBUG: {"card": "ab6c877a-25f7-4ee7-8cf0-33728ef085fc", "pack": "643ea6bfd1b1ea22601ed194", "player": "2979"}
2023-04-18 16:52:35 Hybrid Draft Log: Card Picker DEBUG: {"card": "7f65b178-51d6-4dcb-a1cc-4b4dcb2237cd", "pack": "643e9c6ed1b1ea2bc8f729d7", "player": "2979"}
2023-04-18 16:52:48 Hybrid Draft Log: Card Picker DEBUG: {"card": "69f156b6-68c2-4787-b3f0-6d1079bb576f", "pack": "643e97b5d1b1ea41a44e4013", "player": "1816"}
2023-04-18 16:52:54 Hybrid Draft Log: Card Picker DEBUG: {"card": "b0bcc71f-72ec-4a76-9393-ed3ea61eeeb6", "pack": "643ec04dd1b1ea66e8c7af4f", "player": "2979"}
2023-04-18 16:52:56 Hybrid Draft Log: Card Picker DEBUG: {"card": "0ac76be5-3a2c-499e-830a-bd02eec517ce", "pack": "643ea3ded1b1ea204cfe257b", "player": "1816"}
2023-04-18 16:53:21 Hybrid Draft Log: Card Picker DEBUG: {"card": "04113b3c-cc8f-4b15-9091-f82ea3df2e7c", "pack": "643e98a3d1b1ea1bc0a45102", "player": "1816"}
2023-04-18 16:53:39 Hybrid Draft Log: Card Picker DEBUG: {"card": "e07baeb1-c873-42c2-8f1e-757f13572079", "pack": "643ea6bfd1b1ea22601ed194", "player": "1816"}
2023-04-18 16:53:53 Hybrid Draft Log: Card Picker DEBUG: {"card": "9a47999c-12d5-4e1a-a9c1-40a1757007f1", "pack": "643e9c6ed1b1ea2bc8f729d7", "player": "1816"}
2023-04-18 16:53:59 Hybrid Draft Log: Card Picker DEBUG: {"card": "2731e181-f59c-446c-bb86-8f93bfbb10e9", "pack": "643ec04dd1b1ea66e8c7af4f", "player": "1816"}
2023-04-19 08:25:26 Hybrid Draft Log: Card Picker DEBUG: {"card": "83d89bd5-95cc-41fc-aea2-2dde52231919", "pack": "643ef15cd1b1ea57984c8df5", "player": "3503"}
2023-04-19 08:26:12 Hybrid Draft Log: Card Picker DEBUG: {"card": "f6ee12ba-0e6c-485a-a1ff-61726ed72fea", "pack": "643e97b5d1b1ea41a44e4013", "player": "3503"}
2023-04-19 08:26:45 Hybrid Draft Log: Card Picker DEBUG: {"card": "b0bcc71f-72ec-4a76-9393-ed3ea61eeeb6", "pack": "643ea3ded1b1ea204cfe257b", "player": "3503"}
2023-04-19 08:27:30 Hybrid Draft Log: Card Picker DEBUG: {"card": "935cb9a2-11ba-45d9-ab38-dea23cecf521", "pack": "643ef15cd1b1ea57984c8df5", "player": "3559"}
2023-04-19 08:27:35 Hybrid Draft Log: Card Picker DEBUG: {"card": "4fb0eb2d-9cb7-4e72-a970-5009b046df2a", "pack": "643e98a3d1b1ea1bc0a45102", "player": "3503"}
2023-04-19 08:28:03 Hybrid Draft Log: Card Picker DEBUG: {"card": "33cd4f63-3484-4cee-8603-1f89cabee6c3", "pack": "643e97b5d1b1ea41a44e4013", "player": "3559"}
2023-04-19 08:28:59 Hybrid Draft Log: Card Picker DEBUG: {"card": "a28f5de4-2af6-44ff-9bb8-d874f8ae7dd1", "pack": "643ea3ded1b1ea204cfe257b", "player": "3559"}
2023-04-19 08:29:13 Hybrid Draft Log: Card Picker DEBUG: {"card": "b6ed20a4-bc8a-44b1-b9b7-c82518c287b8", "pack": "643e98a3d1b1ea1bc0a45102", "player": "3559"}
2023-04-19 09:14:56 Hybrid Draft Log: Card Picker DEBUG: {"card": "a8c6fc26-df6e-44de-96e6-a6e34086edc2", "pack": "643ea6bfd1b1ea22601ed194", "player": "3503"}
2023-04-19 09:21:51 Hybrid Draft Log: Card Picker DEBUG: {"card": "0e758594-a48c-4508-b400-9028aec07f63", "pack": "643e9c6ed1b1ea2bc8f729d7", "player": "3503"}
2023-04-19 09:22:06 Hybrid Draft Log: Card Picker DEBUG: {"card": "434515bf-de57-4c00-b0b4-c9579cc1b84c", "pack": "643ec04dd1b1ea66e8c7af4f", "player": "3503"}
2023-04-19 09:22:10 Hybrid Draft Log: Card Picker DEBUG: {"card": "fdc3bf6e-e011-4334-a142-c09941c6f213", "pack": "643ef15cd1b1ea57984c8df5", "player": "2790"}
2023-04-19 09:22:33 Hybrid Draft Log: Card Picker DEBUG: {"card": "032720a1-410b-4638-9294-35fd8e27375f", "pack": "643e97b5d1b1ea41a44e4013", "player": "2790"}
2023-04-19 09:22:54 Hybrid Draft Log: Card Picker DEBUG: {"card": "032720a1-410b-4638-9294-35fd8e27375f", "pack": "643ea3ded1b1ea204cfe257b", "player": "2790"}
2023-04-19 09:23:54 Hybrid Draft Log: Card Picker DEBUG: {"card": "8b2f3c52-8d6a-411a-aa62-cbb08a144351", "pack": "643e98a3d1b1ea1bc0a45102", "player": "2790"}
2023-04-19 10:24:03 Hybrid Draft Log: Card Picker DEBUG: {"card": "ce133ad5-8748-4a3d-ae8c-7b2a5938927d", "pack": "643ea6bfd1b1ea22601ed194", "player": "3559"}
2023-04-19 10:25:34 Hybrid Draft Log: Card Picker DEBUG: {"card": "40ab763d-05ee-408d-aeba-eaf18c4f2e21", "pack": "643e9c6ed1b1ea2bc8f729d7", "player": "3559"}
2023-04-19 10:26:30 Hybrid Draft Log: Card Picker DEBUG: {"card": "0fd86fbf-eac2-456b-b4bb-437ff9be9b58", "pack": "643ec04dd1b1ea66e8c7af4f", "player": "3559"}
2023-04-19 11:13:48 Hybrid Draft Log: Card Picker DEBUG: {"card": "3fee189f-539f-48fa-b217-4b2599375364", "pack": "643ea6bfd1b1ea22601ed194", "player": "2790"}
2023-04-19 11:14:05 Hybrid Draft Log: Card Picker DEBUG: {"card": "bc6104d4-d0af-40da-8227-14243d778e96", "pack": "643e9c6ed1b1ea2bc8f729d7", "player": "2790"}
2023-04-19 11:14:25 Hybrid Draft Log: Card Picker DEBUG: {"card": "358c18b7-5321-4793-b54a-e48e39548b9c", "pack": "643ec04dd1b1ea66e8c7af4f", "player": "2790"}
2023-04-20 08:47:02 Hybrid Draft Log: Card Picker DEBUG: {"card": "05864d3a-d8bb-4ddf-b721-883632050cb1", "pack": "643ef15cd1b1ea57984c8df5", "player": "2495"}
2023-04-20 08:47:35 Hybrid Draft Log: Card Picker DEBUG: {"card": "9f9825ac-c186-4a10-b9e3-e73b10f75ed9", "pack": "643e97b5d1b1ea41a44e4013", "player": "2495"}
2023-04-20 08:48:02 Hybrid Draft Log: Card Picker DEBUG: {"card": "09a4dcdb-6939-4d9f-8921-549e0ddc9f63", "pack": "643ea3ded1b1ea204cfe257b", "player": "2495"}
2023-04-20 08:48:13 Hybrid Draft Log: Card Picker DEBUG: {"card": "a28f5de4-2af6-44ff-9bb8-d874f8ae7dd1", "pack": "643e98a3d1b1ea1bc0a45102", "player": "2495"}
2023-04-20 08:48:19 Hybrid Draft Log: Card Picker DEBUG: {"card": "93960b5e-b13c-4f7d-a826-8aad6bd210b4", "pack": "643ea6bfd1b1ea22601ed194", "player": "2495"}
2023-04-20 08:48:26 Hybrid Draft Log: Card Picker DEBUG: {"card": "165357cc-ec74-490f-aec3-7048bb43c8f9", "pack": "643e9c6ed1b1ea2bc8f729d7", "player": "2495"}
2023-04-20 08:48:30 Hybrid Draft Log: Card Picker DEBUG: {"card": "c4dabe69-a88f-4e61-a5fb-c4b9ef1c7569", "pack": "643ec04dd1b1ea66e8c7af4f", "player": "2495"}
2023-04-20 09:14:57 Hybrid Draft Log: Card Picker DEBUG: {"card": "efbd934a-39c4-4ce7-af2a-34ca226d7f23", "pack": "643ef15cd1b1ea57984c8df5", "player": "2952"}
2023-04-20 09:16:12 Hybrid Draft Log: Card Picker DEBUG: {"card": "1bdd3ecb-8c11-4a4c-a503-bc29f79a9dcb", "pack": "643e97b5d1b1ea41a44e4013", "player": "2952"}
2023-04-20 09:16:49 Hybrid Draft Log: Card Picker DEBUG: {"card": "8eaa0946-591f-4136-9d8a-e56934151383", "pack": "643ea3ded1b1ea204cfe257b", "player": "2952"}
2023-04-20 09:17:20 Hybrid Draft Log: Card Picker DEBUG: {"card": "9a47999c-12d5-4e1a-a9c1-40a1757007f1", "pack": "643e98a3d1b1ea1bc0a45102", "player": "2952"}
2023-04-20 09:17:25 Hybrid Draft Log: Card Picker DEBUG: {"card": "41634103-7b58-4feb-84b7-90a07a7b474f", "pack": "643ea6bfd1b1ea22601ed194", "player": "2952"}
2023-04-20 09:17:29 Hybrid Draft Log: Card Picker DEBUG: {"card": "44178ece-af31-4a94-88bc-c9ce43bb4573", "pack": "643e9c6ed1b1ea2bc8f729d7", "player": "2952"}
2023-04-20 09:17:32 Hybrid Draft Log: Card Picker DEBUG: {"card": "318c363b-61cc-4e2f-8f86-a4287539ea07", "pack": "643ec04dd1b1ea66e8c7af4f", "player": "2952"}
2023-04-20 09:17:54 Hybrid Draft Log: Card Picker DEBUG: {"card": "a146ea07-ec1c-448d-b67a-dd9f9e27c2e0", "pack": "64413b73d1b1ea6db4867b0d", "player": "2952"}
2023-04-20 09:18:25 Hybrid Draft Log: Card Picker DEBUG: {"card": "14456a8e-016c-4407-8410-c490db3f5ea9", "pack": "643ef15cd1b1ea57984c8df5", "player": "2979"}
2023-04-20 09:18:40 Hybrid Draft Log: Card Picker DEBUG: {"card": "2777f8b5-2f8e-4cb8-9206-8a4978488657", "pack": "643e97b5d1b1ea41a44e4013", "player": "2979"}
2023-04-20 09:18:45 Hybrid Draft Log: Card Picker DEBUG: {"card": "2bd05f97-ef8b-4cbe-a44b-6501aa5895b0", "pack": "643ea3ded1b1ea204cfe257b", "player": "2979"}
2023-04-20 09:19:03 Hybrid Draft Log: Card Picker DEBUG: {"card": "508b8650-c283-4e54-abdc-32ec2fb1ee34", "pack": "643e98a3d1b1ea1bc0a45102", "player": "2979"}
2023-04-20 09:19:08 Hybrid Draft Log: Card Picker DEBUG: {"card": "98c55aff-baed-4fb5-a490-abd59b8df5e7", "pack": "643ea6bfd1b1ea22601ed194", "player": "2979"}
2023-04-20 09:19:10 Hybrid Draft Log: Card Picker DEBUG: {"card": "318c363b-61cc-4e2f-8f86-a4287539ea07", "pack": "643e9c6ed1b1ea2bc8f729d7", "player": "2979"}
2023-04-20 09:19:55 Hybrid Draft Log: Card Picker DEBUG: {"card": "fa20fc16-e106-4953-ace4-5ac9c7fec97b", "pack": "64413bd0d1b1ea34d8f88ecd", "player": "2979"}
2023-04-20 13:29:05 Hybrid Draft Log: Card Picker DEBUG: {"card": "41d25ee5-0348-4206-bb6a-ccb0a599ac87", "pack": "64413bd0d1b1ea34d8f88ecd", "player": "2952"}
2023-04-20 15:20:31 Hybrid Draft Log: Card Picker DEBUG: {"card": "8bae9f1d-e96d-444c-a0fd-5608243ee6c8", "pack": "643ef15cd1b1ea57984c8df5", "player": "1816"}
2023-04-20 15:20:47 Hybrid Draft Log: Card Picker DEBUG: {"card": "103295ed-5ddc-4528-8848-4fd2cfec4b88", "pack": "643e97b5d1b1ea41a44e4013", "player": "1816"}
2023-04-20 15:20:55 Hybrid Draft Log: Card Picker DEBUG: {"card": "0eecdd9a-6c3f-43ee-8d9c-e3466bd7bf5e", "pack": "643ea3ded1b1ea204cfe257b", "player": "1816"}
2023-04-20 15:20:59 Hybrid Draft Log: Card Picker DEBUG: {"card": "52d3005f-a1c7-4ef5-911f-ccc0752f4181", "pack": "643e98a3d1b1ea1bc0a45102", "player": "1816"}
2023-04-20 15:21:03 Hybrid Draft Log: Card Picker DEBUG: {"card": "3140320d-b932-441f-bff3-9bdf4419b88a", "pack": "643ea6bfd1b1ea22601ed194", "player": "1816"}
2023-04-20 15:21:53 Hybrid Draft Log: Card Picker DEBUG: {"card": "77fd9ccb-2cb0-4fe1-9eb0-ba929bb527be", "pack": "644190a4d1b1ea0500f38da7", "player": "1816"}
2023-04-20 15:22:28 Hybrid Draft Log: Card Picker DEBUG: {"card": "0535b69f-247d-49c9-97e1-d988700578ab", "pack": "644190a4d1b1ea0500f38da7", "player": "2979"}
2023-04-20 15:42:44 Hybrid Draft Log: Card Picker DEBUG: {"card": "150e17b1-b9fd-4ec4-b305-19596fed14d1", "pack": "644190a4d1b1ea0500f38da7", "player": "2952"}
2023-04-20 16:16:34 Hybrid Draft Log: Card Picker DEBUG: {"card": "1c3f661d-b9f7-48e7-afe3-3eaea1022bc1", "pack": "643ef15cd1b1ea57984c8df5", "player": "3503"}
2023-04-20 16:17:18 Hybrid Draft Log: Card Picker DEBUG: {"card": "70b2cdc5-35b9-443d-b499-c8b75c0d0a64", "pack": "643e97b5d1b1ea41a44e4013", "player": "3503"}
2023-04-20 16:17:31 Hybrid Draft Log: Card Picker DEBUG: {"card": "f1b753e2-6e53-4ed1-9be4-66f8eb005a11", "pack": "643ea3ded1b1ea204cfe257b", "player": "3503"}
2023-04-20 16:17:35 Hybrid Draft Log: Card Picker DEBUG: {"card": "2e943948-2326-4446-9a16-64d6040b8856", "pack": "643e98a3d1b1ea1bc0a45102", "player": "3503"}
2023-04-20 16:18:49 Hybrid Draft Log: Card Picker DEBUG: {"card": "9f17e624-219a-4e76-bfe0-f49c9ddd4a6d", "pack": "64419de3d1b1ea875018ab29", "player": "3503"}
2023-04-21 10:01:55 Hybrid Draft Log: Card Picker DEBUG: {"card": "f1b753e2-6e53-4ed1-9be4-66f8eb005a11", "pack": "643ef15cd1b1ea57984c8df5", "player": "3559"}
2023-04-21 10:02:31 Hybrid Draft Log: Card Picker DEBUG: {"card": "358c18b7-5321-4793-b54a-e48e39548b9c", "pack": "643e97b5d1b1ea41a44e4013", "player": "3559"}
2023-04-21 10:02:37 Hybrid Draft Log: Card Picker DEBUG: {"card": "50180fda-6d67-41e9-8b2b-2e7c5876b8ab", "pack": "643ea3ded1b1ea204cfe257b", "player": "3559"}
2023-04-21 10:04:03 Hybrid Draft Log: Card Picker DEBUG: {"card": "4616a548-269b-4530-97e8-c690ccc138f3", "pack": "644297a7d1b1ea3ba853b73e", "player": "3559"}
2023-04-21 10:24:51 Hybrid Draft Log: Card Picker DEBUG: {"card": "0e896a87-2a93-488c-a0c9-0bed8404da44", "pack": "643ef15cd1b1ea57984c8df5", "player": "2790"}
2023-04-21 10:24:55 Hybrid Draft Log: Card Picker DEBUG: {"card": "433e9f1c-9d6c-4c7e-89d0-79595b4331f2", "pack": "643e97b5d1b1ea41a44e4013", "player": "2790"}
2023-04-21 10:25:21 Hybrid Draft Log: Card Picker DEBUG: {"card": "5d59c8f2-f6af-40a6-8dfe-8cc45bf231ce", "pack": "64429cb9d1b1ea781441de75", "player": "2790"}
2023-04-21 10:28:13 Hybrid Draft Log: Card Picker DEBUG: {"card": "4ef82b33-82ba-4521-846b-e651764ef46d", "pack": "64429cb9d1b1ea781441de75", "player": "3559"}
2023-04-21 10:38:29 Hybrid Draft Log: Card Picker DEBUG: {"card": "084a8b94-0c5d-41e0-88e4-fe91ab92c09d", "pack": "643ef15cd1b1ea57984c8df5", "player": "2495"}
2023-04-21 10:39:10 Hybrid Draft Log: Card Picker DEBUG: {"card": "e5446057-7330-40b9-a5d9-bad4876337cd", "pack": "64419de3d1b1ea875018ab29", "player": "1816"}
2023-04-21 10:40:48 Hybrid Draft Log: Card Picker DEBUG: {"card": "4616a548-269b-4530-97e8-c690ccc138f3", "pack": "64429fe7d1b1ea82f4b6d94a", "player": "2495"}
2023-04-21 10:44:26 Hybrid Draft Log: Card Picker DEBUG: {"card": "9184bc57-0a16-4abf-a13a-6a03a175c28a", "pack": "64413b73d1b1ea6db4867b0d", "player": "2495"}
2023-04-21 10:48:27 Hybrid Draft Log: Card Picker DEBUG: {"card": "c2a87c5d-5efc-4ceb-b165-27f807117f71", "pack": "64413bd0d1b1ea34d8f88ecd", "player": "2495"}
2023-04-21 10:49:33 Hybrid Draft Log: Card Picker DEBUG: {"card": "e36fbff8-471e-4cf8-8946-e1e5cdf598af", "pack": "644190a4d1b1ea0500f38da7", "player": "2495"}
2023-04-21 10:50:41 Hybrid Draft Log: Card Picker DEBUG: {"card": "44178ece-af31-4a94-88bc-c9ce43bb4573", "pack": "64419de3d1b1ea875018ab29", "player": "2979"}
2023-04-21 11:03:25 Hybrid Draft Log: Card Picker DEBUG: {"card": "e585631c-bd41-4b48-aac4-4b6f5636ecd5", "pack": "64429fe7d1b1ea82f4b6d94a", "player": "2790"}
2023-04-21 11:04:34 Hybrid Draft Log: Card Picker DEBUG: {"card": "8278069a-bd92-40ee-b7d5-e740dddb00fa", "pack": "64429fe7d1b1ea82f4b6d94a", "player": "3559"}
2023-04-21 11:07:04 Hybrid Draft Log: Card Picker DEBUG: {"card": "8278069a-bd92-40ee-b7d5-e740dddb00fa", "pack": "64413b73d1b1ea6db4867b0d", "player": "2790"}
2023-04-21 11:09:13 Hybrid Draft Log: Card Picker DEBUG: {"card": "31c249d9-37c0-451d-866b-e834c4c57214", "pack": "64413bd0d1b1ea34d8f88ecd", "player": "2790"}
2023-04-21 11:09:53 Hybrid Draft Log: Card Picker DEBUG: {"card": "dad34ae5-56b4-4394-be02-e043dc1cc23d", "pack": "64413b73d1b1ea6db4867b0d", "player": "3559"}
2023-04-21 11:11:25 Hybrid Draft Log: Card Picker DEBUG: {"card": "b3b66ef5-9b93-4042-a618-c1ade83d0004", "pack": "64413bd0d1b1ea34d8f88ecd", "player": "3559"}
2023-04-21 11:13:14 Hybrid Draft Log: Card Picker DEBUG: {"card": "e98db9ed-b43f-4bc1-b7a9-ce03a534d992", "pack": "644297a7d1b1ea3ba853b73e", "player": "3503"}
2023-04-21 11:14:31 Hybrid Draft Log: Card Picker DEBUG: {"card": "194ad785-21bb-4ce6-8776-31c67259fb99", "pack": "64429cb9d1b1ea781441de75", "player": "3503"}
2023-04-21 11:15:30 Hybrid Draft Log: Card Picker DEBUG: {"card": "6fabc49f-b665-4c56-b06e-03220f7918bb", "pack": "644190a4d1b1ea0500f38da7", "player": "2790"}
2023-04-21 11:15:50 Hybrid Draft Log: Card Picker DEBUG: {"card": "efbd934a-39c4-4ce7-af2a-34ca226d7f23", "pack": "64429fe7d1b1ea82f4b6d94a", "player": "3503"}
2023-04-21 11:18:00 Hybrid Draft Log: Card Picker DEBUG: {"card": "09fb5876-5b47-4a05-be57-7ad3890c8953", "pack": "64413b73d1b1ea6db4867b0d", "player": "3503"}
2023-04-21 11:19:39 Hybrid Draft Log: Card Picker DEBUG: {"card": "eb0680eb-ceca-44d9-9654-78ea2ccfce17", "pack": "64413bd0d1b1ea34d8f88ecd", "player": "3503"}
2023-04-21 11:20:20 Hybrid Draft Log: Card Picker DEBUG: {"card": "16e20076-5d24-4c59-b707-6d20e121032f", "pack": "644190a4d1b1ea0500f38da7", "player": "3559"}
2023-04-21 12:09:00 Hybrid Draft Log: Card Picker DEBUG: {"card": "c2a87c5d-5efc-4ceb-b165-27f807117f71", "pack": "644297a7d1b1ea3ba853b73e", "player": "1816"}
2023-04-21 12:09:08 Hybrid Draft Log: Card Picker DEBUG: {"card": "c2a87c5d-5efc-4ceb-b165-27f807117f71", "pack": "64429cb9d1b1ea781441de75", "player": "1816"}
2023-04-21 12:09:26 Hybrid Draft Log: Card Picker DEBUG: {"card": "a53088da-25b5-4c7e-9a11-456fbc814dfc", "pack": "64429fe7d1b1ea82f4b6d94a", "player": "1816"}
2023-04-21 12:09:36 Hybrid Draft Log: Card Picker DEBUG: {"card": "3c7ca435-aa84-4d35-80db-d1c74b878b12", "pack": "64413b73d1b1ea6db4867b0d", "player": "1816"}
2023-04-21 12:09:50 Hybrid Draft Log: Card Picker DEBUG: {"card": "2d142ded-a2df-41b0-9c02-056b5f34abab", "pack": "64413bd0d1b1ea34d8f88ecd", "player": "1816"}
2023-04-21 13:28:54 Hybrid Draft Log: Card Picker DEBUG: {"card": "56a3108b-c33d-47c5-984b-01fa257fbd79", "pack": "644190a4d1b1ea0500f38da7", "player": "3503"}
2023-04-21 13:32:14 Hybrid Draft Log: Card Picker DEBUG: {"card": "7f65b178-51d6-4dcb-a1cc-4b4dcb2237cd", "pack": "644297a7d1b1ea3ba853b73e", "player": "2979"}
2023-04-21 13:32:35 Hybrid Draft Log: Card Picker DEBUG: {"card": "e83f9565-4c04-449d-b337-0eff3fd0c295", "pack": "64429cb9d1b1ea781441de75", "player": "2979"}
2023-04-21 13:32:45 Hybrid Draft Log: Card Picker DEBUG: {"card": "aa0461fc-4298-45b9-90a0-939093cf2544", "pack": "64429fe7d1b1ea82f4b6d94a", "player": "2979"}
2023-04-21 13:32:55 Hybrid Draft Log: Card Picker DEBUG: {"card": "16e20076-5d24-4c59-b707-6d20e121032f", "pack": "64419de3d1b1ea875018ab29", "player": "2952"}
2023-04-21 13:32:55 Hybrid Draft Log: Card Picker DEBUG: {"card": "6fc278d1-2ea4-4fbc-95cd-a9cd48c3c630", "pack": "64413b73d1b1ea6db4867b0d", "player": "2979"}
2023-04-21 13:33:02 Hybrid Draft Log: Card Picker DEBUG: {"card": "508b8650-c283-4e54-abdc-32ec2fb1ee34", "pack": "64413bd0d1b1ea34d8f88ecd", "player": "2979"}
2023-04-21 13:33:28 Hybrid Draft Log: Card Picker DEBUG: {"card": "b8eef541-6851-4312-ad2b-74f45c7ede6c", "pack": "644297a7d1b1ea3ba853b73e", "player": "2952"}
2023-04-21 13:34:24 Hybrid Draft Log: Card Picker DEBUG: {"card": "7e784d3d-0c6d-4ce5-beb5-edd2adb32385", "pack": "64429cb9d1b1ea781441de75", "player": "2952"}
2023-04-21 15:32:53 Hybrid Draft Log: Card Picker DEBUG: {"card": "49e206f2-1647-4456-8f2f-b67d053413e2", "pack": "64429fe7d1b1ea82f4b6d94a", "player": "2952"}
2023-04-21 15:33:13 Hybrid Draft Log: Card Picker DEBUG: {"card": "7f2642cd-e3cc-4aab-8c00-4987284509b3", "pack": "64413b73d1b1ea6db4867b0d", "player": "2952"}
2023-04-21 15:34:02 Hybrid Draft Log: Card Picker DEBUG: {"card": "3aeef1b1-a351-47ce-a686-a0eb0a35a894", "pack": "64413bd0d1b1ea34d8f88ecd", "player": "2952"}
2023-04-21 15:36:05 Hybrid Draft Log: Card Picker DEBUG: {"card": "445b3315-6587-4d57-ab7e-faab1eec0241", "pack": "644190a4d1b1ea0500f38da7", "player": "1816"}
2023-04-21 15:36:22 Hybrid Draft Log: Card Picker DEBUG: {"card": "4616a548-269b-4530-97e8-c690ccc138f3", "pack": "64419de3d1b1ea875018ab29", "player": "2495"}
2023-04-21 15:37:11 Hybrid Draft Log: Card Picker DEBUG: {"card": "ee4d00b8-1373-47b2-9be5-2199e0b12540", "pack": "644297a7d1b1ea3ba853b73e", "player": "2495"}
2023-04-21 15:37:57 Hybrid Draft Log: Card Picker DEBUG: {"card": "ae2e1244-f05b-45f9-8afc-59f190524798", "pack": "64429cb9d1b1ea781441de75", "player": "2495"}
2023-04-21 15:38:24 Hybrid Draft Log: Card Picker DEBUG: {"card": "025a5338-133f-486d-9f73-0896226685c0", "pack": "64419de3d1b1ea875018ab29", "player": "2790"}
2023-04-21 15:38:41 Hybrid Draft Log: Card Picker DEBUG: {"card": "6fabc49f-b665-4c56-b06e-03220f7918bb", "pack": "644297a7d1b1ea3ba853b73e", "player": "2790"}
2023-04-21 15:38:41 Hybrid Draft Log: Card Picker DEBUG: {"card": "7311ade8-eb75-40f8-b018-668762aa3b77", "pack": "64429fe7d1b1ea82f4b6d94a", "player": "2495"}
2023-04-21 15:38:57 Hybrid Draft Log: Card Picker DEBUG: {"card": "4fc23af5-18dd-45f9-8d82-76b48aaf6d4d", "pack": "64413b73d1b1ea6db4867b0d", "player": "2495"}
2023-04-21 15:39:00 Hybrid Draft Log: Card Picker DEBUG: {"card": "9f17e624-219a-4e76-bfe0-f49c9ddd4a6d", "pack": "644190a4d1b1ea0500f38da7", "player": "2979"}
2023-04-21 15:39:05 Hybrid Draft Log: Card Picker DEBUG: {"card": "a28f5de4-2af6-44ff-9bb8-d874f8ae7dd1", "pack": "64413bd0d1b1ea34d8f88ecd", "player": "2495"}
2023-04-21 15:40:22 Hybrid Draft Log: Card Picker DEBUG: {"card": "a28f5de4-2af6-44ff-9bb8-d874f8ae7dd1", "pack": "64419de3d1b1ea875018ab29", "player": "3559"}
2023-04-21 15:41:11 Hybrid Draft Log: Card Picker DEBUG: {"card": "b2f1afa2-ca71-49cf-953b-d5dfc60c178f", "pack": "644297a7d1b1ea3ba853b73e", "player": "3559"}
2023-04-21 15:41:14 Hybrid Draft Log: Card Picker DEBUG: {"card": "56a3108b-c33d-47c5-984b-01fa257fbd79", "pack": "64429cb9d1b1ea781441de75", "player": "2790"}
2023-04-21 15:41:40 Hybrid Draft Log: Card Picker DEBUG: {"card": "66aefbfc-3f67-443d-8ec4-cc9beafb64ee", "pack": "64429cb9d1b1ea781441de75", "player": "3559"}
2023-04-21 15:42:12 Hybrid Draft Log: Card Picker DEBUG: {"card": "032720a1-410b-4638-9294-35fd8e27375f", "pack": "64429fe7d1b1ea82f4b6d94a", "player": "2790"}
2023-04-21 15:43:18 Hybrid Draft Log: Card Picker DEBUG: {"card": "33cd4f63-3484-4cee-8603-1f89cabee6c3", "pack": "64429fe7d1b1ea82f4b6d94a", "player": "3559"}
2023-04-21 15:43:40 Hybrid Draft Log: Card Picker DEBUG: {"card": "93345804-dda4-42a2-84d4-8fcd376dd2d4", "pack": "64413b73d1b1ea6db4867b0d", "player": "2790"}
2023-04-21 15:44:38 Hybrid Draft Log: Card Picker DEBUG: {"card": "6fabc49f-b665-4c56-b06e-03220f7918bb", "pack": "64413bd0d1b1ea34d8f88ecd", "player": "2790"}
2023-04-21 15:45:40 Hybrid Draft Log: Card Picker DEBUG: {"card": "59d40511-c9ff-466c-8eb9-cc7afc5c2eab", "pack": "64413b73d1b1ea6db4867b0d", "player": "3559"}
2023-04-21 15:46:21 Hybrid Draft Log: Card Picker DEBUG: {"card": "007324b3-b8a9-4a32-a5a1-ad78f3a07bc3", "pack": "64413bd0d1b1ea34d8f88ecd", "player": "3559"}
2023-04-21 15:53:12 Hybrid Draft Log: Card Picker DEBUG: {"card": "e34684d6-2935-4776-9a86-b603ad8cf624", "pack": "644190a4d1b1ea0500f38da7", "player": "2952"}
2023-04-24 08:38:46 Hybrid Draft Log: Card Picker DEBUG: {"card": "007324b3-b8a9-4a32-a5a1-ad78f3a07bc3", "pack": "64419de3d1b1ea875018ab29", "player": "3503"}
2023-04-24 08:39:49 Hybrid Draft Log: Card Picker DEBUG: {"card": "65721bc1-87fa-45b9-8b45-ee77c1aab6ac", "pack": "644297a7d1b1ea3ba853b73e", "player": "3503"}
2023-04-24 08:40:44 Hybrid Draft Log: Card Picker DEBUG: {"card": "2443cb94-b27e-4a96-93cb-ac7880149bcc", "pack": "64429cb9d1b1ea781441de75", "player": "3503"}
2023-04-24 08:41:21 Hybrid Draft Log: Card Picker DEBUG: {"card": "eb0680eb-ceca-44d9-9654-78ea2ccfce17", "pack": "64429fe7d1b1ea82f4b6d94a", "player": "3503"}
2023-04-24 08:42:07 Hybrid Draft Log: Card Picker DEBUG: {"card": "7e14dfd2-5805-46ef-bd19-dab7ac23fbce", "pack": "64413b73d1b1ea6db4867b0d", "player": "3503"}
2023-04-24 08:42:39 Hybrid Draft Log: Card Picker DEBUG: {"card": "61972ddb-3421-4f22-a47a-89cea944dd02", "pack": "64413bd0d1b1ea34d8f88ecd", "player": "3503"}
2023-04-24 09:44:09 Hybrid Draft Log: Card Picker DEBUG: {"card": "bbda000f-3cf7-48b6-96ff-c23a3a64eab5", "pack": "64419de3d1b1ea875018ab29", "player": "1816"}
2023-04-24 09:44:14 Hybrid Draft Log: Card Picker DEBUG: {"card": "e585631c-bd41-4b48-aac4-4b6f5636ecd5", "pack": "644297a7d1b1ea3ba853b73e", "player": "1816"}
2023-04-24 09:44:19 Hybrid Draft Log: Card Picker DEBUG: {"card": "77fd9ccb-2cb0-4fe1-9eb0-ba929bb527be", "pack": "64429cb9d1b1ea781441de75", "player": "1816"}
2023-04-24 09:44:24 Hybrid Draft Log: Card Picker DEBUG: {"card": "73f8fc4f-2f36-4932-8d04-3c2651c116dc", "pack": "64429fe7d1b1ea82f4b6d94a", "player": "1816"}
2023-04-24 09:44:34 Hybrid Draft Log: Card Picker DEBUG: {"card": "efbd934a-39c4-4ce7-af2a-34ca226d7f23", "pack": "64413b73d1b1ea6db4867b0d", "player": "1816"}
2023-04-24 09:44:38 Hybrid Draft Log: Card Picker DEBUG: {"card": "8b2f3c52-8d6a-411a-aa62-cbb08a144351", "pack": "64413bd0d1b1ea34d8f88ecd", "player": "1816"}
2023-04-24 10:31:27 Hybrid Draft Log: Card Picker DEBUG: {"card": "4f7231f6-8adc-4a68-9984-e56b974c087b", "pack": "64419de3d1b1ea875018ab29", "player": "2979"}
2023-04-24 10:31:32 Hybrid Draft Log: Card Picker DEBUG: {"card": "8eaa0946-591f-4136-9d8a-e56934151383", "pack": "644297a7d1b1ea3ba853b73e", "player": "2979"}
2023-04-24 10:31:36 Hybrid Draft Log: Card Picker DEBUG: {"card": "61972ddb-3421-4f22-a47a-89cea944dd02", "pack": "64429cb9d1b1ea781441de75", "player": "2979"}
2023-04-24 10:31:40 Hybrid Draft Log: Card Picker DEBUG: {"card": "8eaa0946-591f-4136-9d8a-e56934151383", "pack": "64429fe7d1b1ea82f4b6d94a", "player": "2979"}
2023-04-24 10:31:43 Hybrid Draft Log: Card Picker DEBUG: {"card": "a7ac3a39-b6a6-4647-bb6e-e82057704f8b", "pack": "64413b73d1b1ea6db4867b0d", "player": "2979"}
2023-04-24 10:31:45 Hybrid Draft Log: Card Picker DEBUG: {"card": "594aefa2-7a5b-4ec1-841b-a6ef4f5aa2b1", "pack": "64413bd0d1b1ea34d8f88ecd", "player": "2979"}
2023-04-24 10:31:57 Hybrid Draft Log: Card Picker DEBUG: {"card": "0007efdf-417d-48a7-b119-3a2fda3e1158", "pack": "64419de3d1b1ea875018ab29", "player": "2952"}
2023-04-24 10:32:03 Hybrid Draft Log: Card Picker DEBUG: {"card": "4ef82b33-82ba-4521-846b-e651764ef46d", "pack": "644297a7d1b1ea3ba853b73e", "player": "2952"}
2023-04-24 10:32:14 Hybrid Draft Log: Card Picker DEBUG: {"card": "65721bc1-87fa-45b9-8b45-ee77c1aab6ac", "pack": "64429cb9d1b1ea781441de75", "player": "2952"}
2023-04-24 10:32:19 Hybrid Draft Log: Card Picker DEBUG: {"card": "70edec35-1770-47f0-9ad2-32e597ee0327", "pack": "64429fe7d1b1ea82f4b6d94a", "player": "2952"}
2023-04-24 10:32:24 Hybrid Draft Log: Card Picker DEBUG: {"card": "1bdd3ecb-8c11-4a4c-a503-bc29f79a9dcb", "pack": "64413b73d1b1ea6db4867b0d", "player": "2952"}
2023-04-24 10:32:34 Hybrid Draft Log: Card Picker DEBUG: {"card": "9f17e624-219a-4e76-bfe0-f49c9ddd4a6d", "pack": "644692d5d1b1ea89b89842c7", "player": "2979"}
2023-04-24 10:36:30 Hybrid Draft Log: Card Picker DEBUG: {"card": "5f73cd60-cd89-4c7a-85a6-e0ae34ca101b", "pack": "644692fad1b1ea34c07ba572", "player": "2952"}
2023-04-24 10:37:55 Hybrid Draft Log: Card Picker DEBUG: {"card": "69490262-afc2-4692-8fac-b771a972c8f8", "pack": "644692fad1b1ea34c07ba572", "player": "2979"}
2023-04-24 16:19:46 Hybrid Draft Log: Card Picker DEBUG: {"card": "9184bc57-0a16-4abf-a13a-6a03a175c28a", "pack": "644190a4d1b1ea0500f38da7", "player": "2495"}
2023-04-24 16:20:14 Hybrid Draft Log: Card Picker DEBUG: {"card": "31c249d9-37c0-451d-866b-e834c4c57214", "pack": "64419de3d1b1ea875018ab29", "player": "2495"}
2023-04-24 16:20:25 Hybrid Draft Log: Card Picker DEBUG: {"card": "1c3f661d-b9f7-48e7-afe3-3eaea1022bc1", "pack": "644297a7d1b1ea3ba853b73e", "player": "2495"}
2023-04-24 16:20:56 Hybrid Draft Log: Card Picker DEBUG: {"card": "974ddcab-bbe0-4bae-9c99-1fd5a5554d2e", "pack": "64429cb9d1b1ea781441de75", "player": "2495"}
2023-04-24 16:20:58 Hybrid Draft Log: Card Picker DEBUG: {"card": "3934d535-740d-471a-bbf1-c3b26b1cd596", "pack": "64429fe7d1b1ea82f4b6d94a", "player": "2495"}
2023-04-24 16:21:01 Hybrid Draft Log: Card Picker DEBUG: {"card": "73f8fc4f-2f36-4932-8d04-3c2651c116dc", "pack": "644190a4d1b1ea0500f38da7", "player": "2790"}
2023-04-24 16:21:55 Hybrid Draft Log: Card Picker DEBUG: {"card": "4a84b6d7-3944-4223-ac16-aa5e59ac84cb", "pack": "64419de3d1b1ea875018ab29", "player": "2790"}
2023-04-24 16:22:03 Hybrid Draft Log: Card Picker DEBUG: {"card": "3140320d-b932-441f-bff3-9bdf4419b88a", "pack": "644297a7d1b1ea3ba853b73e", "player": "2790"}
2023-04-24 16:22:06 Hybrid Draft Log: Card Picker DEBUG: {"card": "58b35399-79af-49fa-989e-867a85320cc2", "pack": "64429cb9d1b1ea781441de75", "player": "2790"}
2023-04-24 16:22:33 Hybrid Draft Log: Card Picker DEBUG: {"card": "b2f1afa2-ca71-49cf-953b-d5dfc60c178f", "pack": "6446e4acd1b1ea5b0cb9547c", "player": "2495"}
2023-04-24 16:23:29 Hybrid Draft Log: Card Picker DEBUG: {"card": "0eb51be0-6a2e-464a-86d1-aa36179c8c18", "pack": "6446e4f0d1b1ea0884666def", "player": "2790"}
2023-04-24 16:26:36 Hybrid Draft Log: Card Picker DEBUG: {"card": "0007efdf-417d-48a7-b119-3a2fda3e1158", "pack": "644190a4d1b1ea0500f38da7", "player": "3559"}
2023-04-24 16:26:42 Hybrid Draft Log: Card Picker DEBUG: {"card": "33cd4f63-3484-4cee-8603-1f89cabee6c3", "pack": "64419de3d1b1ea875018ab29", "player": "3559"}
2023-04-24 16:26:46 Hybrid Draft Log: Card Picker DEBUG: {"card": "f1b753e2-6e53-4ed1-9be4-66f8eb005a11", "pack": "644297a7d1b1ea3ba853b73e", "player": "3559"}
2023-04-24 16:27:56 Hybrid Draft Log: Card Picker DEBUG: {"card": "e36fbff8-471e-4cf8-8946-e1e5cdf598af", "pack": "6446e609d1b1ea6384b196ab", "player": "3559"}
2023-04-24 16:47:43 Hybrid Draft Log: Card Picker DEBUG: {"card": "5d59c8f2-f6af-40a6-8dfe-8cc45bf231ce", "pack": "6446e609d1b1ea6384b196ab", "player": "2790"}
2023-04-25 08:12:30 Hybrid Draft Log: Card Picker DEBUG: {"card": "4fb0eb2d-9cb7-4e72-a970-5009b046df2a", "pack": "644190a4d1b1ea0500f38da7", "player": "3503"}
2023-04-25 08:12:34 Hybrid Draft Log: Card Picker DEBUG: {"card": "93f623da-616e-4067-9ea8-5dfbeef8ce0b", "pack": "64419de3d1b1ea875018ab29", "player": "3503"}
2023-04-25 08:13:57 Hybrid Draft Log: Card Picker DEBUG: {"card": "67a41675-47dd-40ca-a30c-0fd0faa32b76", "pack": "6447c3b5d1b1ea0610a79208", "player": "3503"}
2023-04-25 08:39:48 Hybrid Draft Log: Card Picker DEBUG: {"card": "8278069a-bd92-40ee-b7d5-e740dddb00fa", "pack": "6446e4acd1b1ea5b0cb9547c", "player": "2952"}
2023-04-25 09:28:13 Hybrid Draft Log: Card Picker DEBUG: {"card": "e36fbff8-471e-4cf8-8946-e1e5cdf598af", "pack": "6447c3b5d1b1ea0610a79208", "player": "3559"}
2023-04-25 10:14:24 Hybrid Draft Log: Card Picker DEBUG: {"card": "f7cedd62-efc8-464d-8387-220bb55e07e9", "pack": "6447c3b5d1b1ea0610a79208", "player": "2790"}
2023-04-26 09:15:46 Hybrid Draft Log: Card Picker DEBUG: {"card": "5c6bdac3-6762-41a4-821f-ab7034a823d9", "pack": "644190a4d1b1ea0500f38da7", "player": "1816"}
2023-04-26 09:53:23 Hybrid Draft Log: Card Picker DEBUG: {"card": "0ac76be5-3a2c-499e-830a-bd02eec517ce", "pack": "6446e4f0d1b1ea0884666def", "player": "2495"}
2023-04-26 09:53:58 Hybrid Draft Log: Card Picker DEBUG: {"card": "69490262-afc2-4692-8fac-b771a972c8f8", "pack": "64492405d1b1ea6e1c15467d", "player": "1816"}
2023-04-26 09:54:05 Hybrid Draft Log: Card Picker DEBUG: {"card": "9a47999c-12d5-4e1a-a9c1-40a1757007f1", "pack": "6446e609d1b1ea6384b196ab", "player": "2495"}
2023-04-26 09:54:11 Hybrid Draft Log: Card Picker DEBUG: {"card": "3c7ca435-aa84-4d35-80db-d1c74b878b12", "pack": "644692d5d1b1ea89b89842c7", "player": "1816"}
2023-04-26 09:54:49 Hybrid Draft Log: Card Picker DEBUG: {"card": "2731e181-f59c-446c-bb86-8f93bfbb10e9", "pack": "644692fad1b1ea34c07ba572", "player": "1816"}
2023-04-26 10:11:48 Hybrid Draft Log: Card Picker DEBUG: {"card": "92f5b177-b0c6-4573-b860-f75dad1941bd", "pack": "6447c3b5d1b1ea0610a79208", "player": "2495"}
2023-04-26 11:37:56 Hybrid Draft Log: Card Picker DEBUG: {"card": "150e17b1-b9fd-4ec4-b305-19596fed14d1", "pack": "64492405d1b1ea6e1c15467d", "player": "3503"}
2023-04-26 11:38:47 Hybrid Draft Log: Card Picker DEBUG: {"card": "f6ee12ba-0e6c-485a-a1ff-61726ed72fea", "pack": "644692d5d1b1ea89b89842c7", "player": "3503"}
2023-04-26 11:39:15 Hybrid Draft Log: Card Picker DEBUG: {"card": "e446a380-0316-46f7-8ac9-22bce773b35f", "pack": "644692fad1b1ea34c07ba572", "player": "3503"}
2023-04-26 11:42:31 Hybrid Draft Log: Card Picker DEBUG: {"card": "4616a548-269b-4530-97e8-c690ccc138f3", "pack": "64492405d1b1ea6e1c15467d", "player": "3559"}
2023-04-26 11:42:56 Hybrid Draft Log: Card Picker DEBUG: {"card": "85930f68-6f53-4921-9556-2887ac3abfd2", "pack": "644692d5d1b1ea89b89842c7", "player": "3559"}
2023-04-26 11:43:44 Hybrid Draft Log: Card Picker DEBUG: {"card": "85930f68-6f53-4921-9556-2887ac3abfd2", "pack": "644692fad1b1ea34c07ba572", "player": "3559"}
2023-04-26 13:05:32 Hybrid Draft Log: Card Picker DEBUG: {"card": "a98f71a0-7c99-4cee-8f70-877e698cca84", "pack": "64492405d1b1ea6e1c15467d", "player": "2790"}
2023-04-26 13:05:59 Hybrid Draft Log: Card Picker DEBUG: {"card": "0007efdf-417d-48a7-b119-3a2fda3e1158", "pack": "644692d5d1b1ea89b89842c7", "player": "2790"}
2023-04-26 13:06:43 Hybrid Draft Log: Card Picker DEBUG: {"card": "e08ed414-77bf-402a-82a8-9d4e1bd627a1", "pack": "644692fad1b1ea34c07ba572", "player": "2790"}
2023-04-26 15:41:32 Hybrid Draft Log: Card Picker DEBUG: {"card": "ab6c877a-25f7-4ee7-8cf0-33728ef085fc", "pack": "64492405d1b1ea6e1c15467d", "player": "2495"}
2023-04-26 15:41:55 Hybrid Draft Log: Card Picker DEBUG: {"card": "b2f1afa2-ca71-49cf-953b-d5dfc60c178f", "pack": "644692d5d1b1ea89b89842c7", "player": "2495"}
2023-04-26 15:42:45 Hybrid Draft Log: Card Picker DEBUG: {"card": "76b5e289-6bc4-48ee-8d5b-6989bab9f901", "pack": "644692fad1b1ea34c07ba572", "player": "2495"}
2023-04-26 15:45:22 Hybrid Draft Log: Card Picker DEBUG: {"card": "8278069a-bd92-40ee-b7d5-e740dddb00fa", "pack": "6446e4f0d1b1ea0884666def", "player": "2952"}
2023-04-26 15:46:12 Hybrid Draft Log: Card Picker DEBUG: {"card": "49a5e7de-43cc-488b-99a4-7d173b42d5dc", "pack": "6446e609d1b1ea6384b196ab", "player": "2952"}
2023-04-26 15:46:33 Hybrid Draft Log: Card Picker DEBUG: {"card": "49a5e7de-43cc-488b-99a4-7d173b42d5dc", "pack": "6447c3b5d1b1ea0610a79208", "player": "2952"}
2023-04-26 15:47:08 Hybrid Draft Log: Card Picker DEBUG: {"card": "fdc37acc-05ba-4457-8a03-d635497bfb1b", "pack": "64492405d1b1ea6e1c15467d", "player": "2952"}
2023-04-26 15:47:29 Hybrid Draft Log: Card Picker DEBUG: {"card": "1bdd3ecb-8c11-4a4c-a503-bc29f79a9dcb", "pack": "644692d5d1b1ea89b89842c7", "player": "2952"}
2023-04-26 15:47:43 Hybrid Draft Log: Card Picker DEBUG: {"card": "6fc278d1-2ea4-4fbc-95cd-a9cd48c3c630", "pack": "644692fad1b1ea34c07ba572", "player": "2952"}
2023-04-26 16:05:26 Hybrid Draft Log: Card Picker DEBUG: {"card": "14456a8e-016c-4407-8410-c490db3f5ea9", "pack": "6446e4acd1b1ea5b0cb9547c", "player": "2979"}
2023-04-26 16:05:44 Hybrid Draft Log: Card Picker DEBUG: {"card": "af6cb380-0b4d-4870-abef-928eb63e1702", "pack": "6446e4f0d1b1ea0884666def", "player": "2979"}
2023-04-26 16:06:02 Hybrid Draft Log: Card Picker DEBUG: {"card": "b0a45d4d-d16a-43c6-843c-916d4629aae1", "pack": "6446e609d1b1ea6384b196ab", "player": "2979"}
2023-04-26 16:06:11 Hybrid Draft Log: Card Picker DEBUG: {"card": "a53088da-25b5-4c7e-9a11-456fbc814dfc", "pack": "6447c3b5d1b1ea0610a79208", "player": "2979"}
2023-04-26 16:06:26 Hybrid Draft Log: Card Picker DEBUG: {"card": "6fc278d1-2ea4-4fbc-95cd-a9cd48c3c630", "pack": "64492405d1b1ea6e1c15467d", "player": "2979"}
2023-04-26 16:06:37 Hybrid Draft Log: Card Picker DEBUG: {"card": "0e758594-a48c-4508-b400-9028aec07f63", "pack": "644692d5d1b1ea89b89842c7", "player": "2979"}
2023-04-26 16:06:51 Hybrid Draft Log: Card Picker DEBUG: {"card": "ee7a4ccb-c0c9-491f-9475-e78895fa9d03", "pack": "644692fad1b1ea34c07ba572", "player": "2979"}
2023-04-26 16:07:20 Hybrid Draft Log: Card Picker DEBUG: {"card": "9a47999c-12d5-4e1a-a9c1-40a1757007f1", "pack": "6446e4acd1b1ea5b0cb9547c", "player": "1816"}
2023-04-26 16:07:23 Hybrid Draft Log: Card Picker DEBUG: {"card": "032720a1-410b-4638-9294-35fd8e27375f", "pack": "6446e4f0d1b1ea0884666def", "player": "1816"}
2023-04-26 16:07:27 Hybrid Draft Log: Card Picker DEBUG: {"card": "77fd9ccb-2cb0-4fe1-9eb0-ba929bb527be", "pack": "6446e609d1b1ea6384b196ab", "player": "1816"}
2023-04-26 16:07:41 Hybrid Draft Log: Card Picker DEBUG: {"card": "eb0680eb-ceca-44d9-9654-78ea2ccfce17", "pack": "6447c3b5d1b1ea0610a79208", "player": "1816"}
2023-04-26 16:07:44 Hybrid Draft Log: Card Picker DEBUG: {"card": "77fd9ccb-2cb0-4fe1-9eb0-ba929bb527be", "pack": "64492405d1b1ea6e1c15467d", "player": "1816"}
2023-04-26 16:07:51 Hybrid Draft Log: Card Picker DEBUG: {"card": "4f7231f6-8adc-4a68-9984-e56b974c087b", "pack": "644692d5d1b1ea89b89842c7", "player": "1816"}
2023-04-26 16:07:56 Hybrid Draft Log: Card Picker DEBUG: {"card": "54aa2d03-7713-44d4-8fca-45c6f77b174b", "pack": "644692fad1b1ea34c07ba572", "player": "1816"}
2023-04-26 16:08:05 Hybrid Draft Log: Card Picker DEBUG: {"card": "0861bda4-d014-4908-aed5-3f3bf78704cf", "pack": "6446e4acd1b1ea5b0cb9547c", "player": "3503"}
2023-04-26 16:08:28 Hybrid Draft Log: Card Picker DEBUG: {"card": "eb0680eb-ceca-44d9-9654-78ea2ccfce17", "pack": "6446e4f0d1b1ea0884666def", "player": "3503"}
2023-04-26 16:22:05 Hybrid Draft Log: Card Picker DEBUG: {"card": "194ad785-21bb-4ce6-8776-31c67259fb99", "pack": "6446e609d1b1ea6384b196ab", "player": "3503"}
2023-04-26 16:22:21 Hybrid Draft Log: Card Picker DEBUG: {"card": "efbd934a-39c4-4ce7-af2a-34ca226d7f23", "pack": "6447c3b5d1b1ea0610a79208", "player": "3503"}
2023-04-26 16:22:48 Hybrid Draft Log: Card Picker DEBUG: {"card": "0e758594-a48c-4508-b400-9028aec07f63", "pack": "64492405d1b1ea6e1c15467d", "player": "3503"}
2023-04-26 16:23:15 Hybrid Draft Log: Card Picker DEBUG: {"card": "aa1200a1-8671-464f-ab3b-bfc1fb0d6ed8", "pack": "644692d5d1b1ea89b89842c7", "player": "3503"}
2023-04-26 16:23:25 Hybrid Draft Log: Card Picker DEBUG: {"card": "3934d535-740d-471a-bbf1-c3b26b1cd596", "pack": "644692fad1b1ea34c07ba572", "player": "3503"}
2023-04-26 16:24:27 Hybrid Draft Log: Card Picker DEBUG: {"card": "91fd7350-cc97-4c35-a072-2c826984293c", "pack": "6446e4acd1b1ea5b0cb9547c", "player": "3559"}
2023-04-26 16:24:39 Hybrid Draft Log: Card Picker DEBUG: {"card": "a28f5de4-2af6-44ff-9bb8-d874f8ae7dd1", "pack": "6446e4f0d1b1ea0884666def", "player": "3559"}
2023-04-26 16:24:43 Hybrid Draft Log: Card Picker DEBUG: {"card": "66aefbfc-3f67-443d-8ec4-cc9beafb64ee", "pack": "6446e609d1b1ea6384b196ab", "player": "3559"}
2023-04-26 16:26:56 Hybrid Draft Log: Card Picker DEBUG: {"card": "4ef82b33-82ba-4521-846b-e651764ef46d", "pack": "6447c3b5d1b1ea0610a79208", "player": "3559"}
2023-04-26 16:27:04 Hybrid Draft Log: Card Picker DEBUG: {"card": "b6ed20a4-bc8a-44b1-b9b7-c82518c287b8", "pack": "64492405d1b1ea6e1c15467d", "player": "3559"}
2023-04-26 16:27:07 Hybrid Draft Log: Card Picker DEBUG: {"card": "b3e0fc49-f765-4bd1-a2b9-23e703388b50", "pack": "6446e4acd1b1ea5b0cb9547c", "player": "2790"}
2023-04-26 16:27:19 Hybrid Draft Log: Card Picker DEBUG: {"card": "084a8b94-0c5d-41e0-88e4-fe91ab92c09d", "pack": "644692d5d1b1ea89b89842c7", "player": "3559"}
2023-04-26 16:27:31 Hybrid Draft Log: Card Picker DEBUG: {"card": "4ef82b33-82ba-4521-846b-e651764ef46d", "pack": "644692fad1b1ea34c07ba572", "player": "3559"}
2023-04-26 16:27:37 Hybrid Draft Log: Card Picker DEBUG: {"card": "e08ed414-77bf-402a-82a8-9d4e1bd627a1", "pack": "6446e4f0d1b1ea0884666def", "player": "2790"}
2023-04-26 16:27:51 Hybrid Draft Log: Card Picker DEBUG: {"card": "f2c6408b-9e24-4bf5-b0d0-a4cda3069b1c", "pack": "6446e609d1b1ea6384b196ab", "player": "2790"}
2023-04-26 16:28:01 Hybrid Draft Log: Card Picker DEBUG: {"card": "6fabc49f-b665-4c56-b06e-03220f7918bb", "pack": "6447c3b5d1b1ea0610a79208", "player": "2790"}
2023-04-26 16:28:06 Hybrid Draft Log: Card Picker DEBUG: {"card": "0007efdf-417d-48a7-b119-3a2fda3e1158", "pack": "64492405d1b1ea6e1c15467d", "player": "2790"}
2023-04-26 16:28:12 Hybrid Draft Log: Card Picker DEBUG: {"card": "a1e04eed-9a6c-491b-8f1f-1c76ac40452d", "pack": "644692d5d1b1ea89b89842c7", "player": "2790"}
2023-04-26 16:28:20 Hybrid Draft Log: Card Picker DEBUG: {"card": "83ca46ac-0698-4651-940d-3fd20c266b74", "pack": "644692fad1b1ea34c07ba572", "player": "2790"}
2023-04-27 09:39:53 Hybrid Draft Log: Card Picker DEBUG: {"card": "a2be7576-bea6-4c20-b594-a058115f7acf", "pack": "6446e4acd1b1ea5b0cb9547c", "player": "2495"}
2023-04-27 09:40:26 Hybrid Draft Log: Card Picker DEBUG: {"card": "b3af679b-6ee6-4a1d-8ec3-b659bdd90b4a", "pack": "6446e4f0d1b1ea0884666def", "player": "2495"}
2023-04-27 09:40:44 Hybrid Draft Log: Card Picker DEBUG: {"card": "05864d3a-d8bb-4ddf-b721-883632050cb1", "pack": "6446e609d1b1ea6384b196ab", "player": "2495"}
2023-04-27 09:40:58 Hybrid Draft Log: Card Picker DEBUG: {"card": "358c18b7-5321-4793-b54a-e48e39548b9c", "pack": "6447c3b5d1b1ea0610a79208", "player": "2495"}
2023-04-27 09:41:34 Hybrid Draft Log: Card Picker DEBUG: {"card": "0fd86fbf-eac2-456b-b4bb-437ff9be9b58", "pack": "64492405d1b1ea6e1c15467d", "player": "2495"}
2023-04-27 09:41:51 Hybrid Draft Log: Card Picker DEBUG: {"card": "a7ac3a39-b6a6-4647-bb6e-e82057704f8b", "pack": "644692d5d1b1ea89b89842c7", "player": "2495"}
2023-04-27 09:42:16 Hybrid Draft Log: Card Picker DEBUG: {"card": "92f5b177-b0c6-4573-b860-f75dad1941bd", "pack": "644692fad1b1ea34c07ba572", "player": "2495"}
2023-04-27 14:04:20 Hybrid Draft Log: Card Picker DEBUG: {"card": "675b29bf-0b64-410f-9a92-c88e5615c27f", "pack": "6446e4acd1b1ea5b0cb9547c", "player": "2952"}
2023-04-27 14:04:27 Hybrid Draft Log: Card Picker DEBUG: {"card": "e34684d6-2935-4776-9a86-b603ad8cf624", "pack": "6446e4f0d1b1ea0884666def", "player": "2952"}
2023-04-27 14:04:32 Hybrid Draft Log: Card Picker DEBUG: {"card": "6fc278d1-2ea4-4fbc-95cd-a9cd48c3c630", "pack": "6446e609d1b1ea6384b196ab", "player": "2952"}
2023-04-27 14:04:44 Hybrid Draft Log: Card Picker DEBUG: {"card": "44178ece-af31-4a94-88bc-c9ce43bb4573", "pack": "6447c3b5d1b1ea0610a79208", "player": "2952"}
2023-04-27 14:04:57 Hybrid Draft Log: Card Picker DEBUG: {"card": "f1150ea9-02b5-4767-a529-6149d758830e", "pack": "64492405d1b1ea6e1c15467d", "player": "2952"}
2023-04-27 14:05:01 Hybrid Draft Log: Card Picker DEBUG: {"card": "434515bf-de57-4c00-b0b4-c9579cc1b84c", "pack": "644692d5d1b1ea89b89842c7", "player": "2952"}
2023-04-27 14:05:03 Hybrid Draft Log: Card Picker DEBUG: {"card": "91fd7350-cc97-4c35-a072-2c826984293c", "pack": "644692fad1b1ea34c07ba572", "player": "2952"}
2023-04-27 14:15:24 Hybrid Draft Log: Card Picker DEBUG: {"card": "b0bcc71f-72ec-4a76-9393-ed3ea61eeeb6", "pack": "6446e4acd1b1ea5b0cb9547c", "player": "2979"}
2023-04-27 14:15:30 Hybrid Draft Log: Card Picker DEBUG: {"card": "8eaa0946-591f-4136-9d8a-e56934151383", "pack": "6446e4f0d1b1ea0884666def", "player": "2979"}
2023-04-27 14:15:39 Hybrid Draft Log: Card Picker DEBUG: {"card": "e38a32bc-133d-43d1-a6e3-80d39fe53d32", "pack": "6446e609d1b1ea6384b196ab", "player": "2979"}
2023-04-27 14:15:45 Hybrid Draft Log: Card Picker DEBUG: {"card": "3799dcb2-7cd7-4d28-b9af-249e3ebe3d3b", "pack": "6447c3b5d1b1ea0610a79208", "player": "2979"}
2023-04-27 14:15:47 Hybrid Draft Log: Card Picker DEBUG: {"card": "52d3005f-a1c7-4ef5-911f-ccc0752f4181", "pack": "6446e4acd1b1ea5b0cb9547c", "player": "1816"}
2023-04-27 14:15:48 Hybrid Draft Log: Card Picker DEBUG: {"card": "c694485d-a753-4e55-929c-d8e4a53c7d08", "pack": "64492405d1b1ea6e1c15467d", "player": "2979"}
2023-04-27 14:15:50 Hybrid Draft Log: Card Picker DEBUG: {"card": "00255899-aaaf-46c6-8037-bd0e3c06250c", "pack": "644692d5d1b1ea89b89842c7", "player": "2979"}
2023-04-27 14:15:51 Hybrid Draft Log: Card Picker DEBUG: {"card": "594aefa2-7a5b-4ec1-841b-a6ef4f5aa2b1", "pack": "6446e4f0d1b1ea0884666def", "player": "1816"}
2023-04-27 14:15:53 Hybrid Draft Log: Card Picker DEBUG: {"card": "358c18b7-5321-4793-b54a-e48e39548b9c", "pack": "6446e609d1b1ea6384b196ab", "player": "1816"}
2023-04-27 14:15:56 Hybrid Draft Log: Card Picker DEBUG: {"card": "b3227c07-9ef2-46a6-9b4f-bbd6ef12f4a5", "pack": "6447c3b5d1b1ea0610a79208", "player": "1816"}
2023-04-27 14:15:58 Hybrid Draft Log: Card Picker DEBUG: {"card": "7311ade8-eb75-40f8-b018-668762aa3b77", "pack": "64492405d1b1ea6e1c15467d", "player": "1816"}
2023-04-27 14:31:02 Hybrid Draft Log: Card Picker DEBUG: {"card": "eb0680eb-ceca-44d9-9654-78ea2ccfce17", "pack": "6446e4acd1b1ea5b0cb9547c", "player": "3503"}
2023-04-27 14:31:09 Hybrid Draft Log: Card Picker DEBUG: {"card": "f2c6408b-9e24-4bf5-b0d0-a4cda3069b1c", "pack": "6446e4f0d1b1ea0884666def", "player": "3503"}
2023-04-27 14:31:14 Hybrid Draft Log: Card Picker DEBUG: {"card": "103295ed-5ddc-4528-8848-4fd2cfec4b88", "pack": "6446e609d1b1ea6384b196ab", "player": "3503"}
2023-04-27 14:31:17 Hybrid Draft Log: Card Picker DEBUG: {"card": "a8c6fc26-df6e-44de-96e6-a6e34086edc2", "pack": "6447c3b5d1b1ea0610a79208", "player": "3503"}
2023-04-27 15:38:20 Hybrid Draft Log: Card Picker DEBUG: {"card": "f1b753e2-6e53-4ed1-9be4-66f8eb005a11", "pack": "6446e4acd1b1ea5b0cb9547c", "player": "3559"}
2023-04-27 15:38:24 Hybrid Draft Log: Card Picker DEBUG: {"card": "09a4dcdb-6939-4d9f-8921-549e0ddc9f63", "pack": "6446e4f0d1b1ea0884666def", "player": "3559"}
2023-04-27 15:38:28 Hybrid Draft Log: Card Picker DEBUG: {"card": "165357cc-ec74-490f-aec3-7048bb43c8f9", "pack": "6446e609d1b1ea6384b196ab", "player": "3559"}
2023-04-27 15:39:06 Hybrid Draft Log: Card Picker DEBUG: {"card": "165357cc-ec74-490f-aec3-7048bb43c8f9", "pack": "6446e4acd1b1ea5b0cb9547c", "player": "2790"}
2023-04-27 15:39:08 Hybrid Draft Log: Card Picker DEBUG: {"card": "93345804-dda4-42a2-84d4-8fcd376dd2d4", "pack": "6446e4f0d1b1ea0884666def", "player": "2790"}
2023-04-27 15:39:18 Hybrid Draft Log: Card Picker DEBUG: {"card": "4a63d530-27c3-4cd7-ac37-c62b5a1afbc1", "pack": "6446e4acd1b1ea5b0cb9547c", "player": "2495"}
2023-11-03 15:13:59 Hybrid Draft Log: Card Picker DEBUG: {"card": "062e00a1-f1dc-4089-b640-800ab781c590", "pack": "65454612d1b1ea050c1bdb34", "player": "2790"}
2023-11-03 15:15:36 Hybrid Draft Log: Card Picker DEBUG: {"card": "5a96d8ae-200a-40be-95a8-72b53638a090", "pack": "654546bcd1b1ea5eb84c5425", "player": "2952"}
2023-11-03 15:15:52 Hybrid Draft Log: Card Picker DEBUG: {"card": "5e6f4aba-3500-4fb7-ab78-02f63c03778a", "pack": "654546ded1b1ea4d4ccdabd9", "player": "1816"}
